<?xml version="1.0" encoding="UTF-8"?>
<!-- Generated by org.testng.reporters.JUnitXMLReporter -->
<testsuite hostname="LAPTOP-J40Q06J5" ignored="1" name="Default test" tests="1" failures="0" timestamp="01 Dec 2020 01:54:55 GMT" time="0.46" errors="0">
  <testcase name="fetchDataFromFile" time="0.443" classname="PracticeTest.Practice"/>
  <testcase name="screenShotpractice" time="0.0" classname="PracticeTest.Practice">
    <ignored/>
  </testcase> <!-- screenShotpractice -->
</testsuite> <!-- Default test -->
