<?xml version="1.0" encoding="UTF-8"?>
<testng-results skipped="0" failed="0" ignored="1" total="2" passed="1">
  <reporter-output>
  </reporter-output>
  <suite name="Default suite" duration-ms="460" started-at="2020-12-01T01:54:55Z" finished-at="2020-12-01T01:54:55Z">
    <groups>
    </groups>
    <test name="Default test" duration-ms="460" started-at="2020-12-01T01:54:55Z" finished-at="2020-12-01T01:54:55Z">
      <class name="PracticeTest.Practice">
        <test-method status="PASS" signature="fetchDataFromFile()[pri:0, instance:PracticeTest.Practice@5e5792a0]" name="fetchDataFromFile" duration-ms="443" started-at="2020-12-01T01:54:55Z" finished-at="2020-12-01T01:54:55Z">
          <reporter-output>
          </reporter-output>
        </test-method> <!-- fetchDataFromFile -->
      </class> <!-- PracticeTest.Practice -->
    </test> <!-- Default test -->
  </suite> <!-- Default suite -->
</testng-results>
